<?xml version="1.0" encoding="UTF-8"?>
<testsuite name="TestSolution" tests="6" skipped="0" failures="0" errors="0" timestamp="2023-10-10T18:37:27" hostname="MacBook-Pro-Grigorii.local" time="0.028">
  <properties/>
  <testcase name="Then: it has correct using interface" classname="TestSolution" time="0.012"/>
  <testcase name="Then: could create Result.Ok" classname="TestSolution" time="0.002"/>
  <testcase name="Then: could create Result.Error" classname="TestSolution" time="0.0"/>
  <testcase name="Then: could save to variable" classname="TestSolution" time="0.001"/>
  <testcase name="Then: could save to variable" classname="TestSolution" time="0.0"/>
  <testcase name="Then: Is that okay?" classname="TestSolution" time="0.001"/>
  <system-out><![CDATA[]]></system-out>
  <system-err><![CDATA[]]></system-err>
</testsuite>
