<?xml version="1.0" encoding="UTF-8"?>
<testsuite name="TestSolution" tests="27" skipped="0" failures="0" errors="0" timestamp="2023-10-15T18:41:33" hostname="MacBook-Pro-Grigorii.local" time="0.057">
  <properties/>
  <testcase name="Then: 0.milliseconds should be 0.000" classname="TestSolution" time="0.01"/>
  <testcase name="Then: 777.milliseconds should be 0.777" classname="TestSolution" time="0.0"/>
  <testcase name="Then: 13212.milliseconds should be 13.212" classname="TestSolution" time="0.0"/>
  <testcase name="Then: 0L.milliseconds should be 0.000" classname="TestSolution" time="0.001"/>
  <testcase name="Then: 777.milliseconds should be 0.999" classname="TestSolution" time="0.001"/>
  <testcase name="Then: 65323L.milliseconds should be 65.323" classname="TestSolution" time="0.0"/>
  <testcase name="Then: 0.seconds should be 0.0" classname="TestSolution" time="0.001"/>
  <testcase name="Then: 42.seconds should be 42.0" classname="TestSolution" time="0.0"/>
  <testcase name="Then: 0.seconds should be 0.0" classname="TestSolution" time="0.0"/>
  <testcase name="Then: 42.seconds should be 42.0" classname="TestSolution" time="0.0"/>
  <testcase name="Then: 0.minutes should be 0.0" classname="TestSolution" time="0.0"/>
  <testcase name="Then: 7.minutes should be 420.0" classname="TestSolution" time="0.001"/>
  <testcase name="Then: 0.minutes should be 0.0" classname="TestSolution" time="0.0"/>
  <testcase name="Then: 42.minutes should be 720.0" classname="TestSolution" time="0.0"/>
  <testcase name="Then: 0.hours should be 0.0" classname="TestSolution" time="0.001"/>
  <testcase name="Then: 7.hours should be 10800.0" classname="TestSolution" time="0.0"/>
  <testcase name="Then: 0.hours should be 0.0" classname="TestSolution" time="0.0"/>
  <testcase name="Then: 42.hours should be 7200.0" classname="TestSolution" time="0.0"/>
  <testcase name="Then: 0.0 + 10.012 should be 10.012" classname="TestSolution" time="0.001"/>
  <testcase name="Then: 11.0 + 0.999 should be 11.999" classname="TestSolution" time="0.001"/>
  <testcase name="Then: 1.999 + 3.001 should be 5.000" classname="TestSolution" time="0.0"/>
  <testcase name="Then: 10.900 + 12.800 should be 23.700" classname="TestSolution" time="0.0"/>
  <testcase name="Then: 10.222 - 10.222 should be 0.000" classname="TestSolution" time="0.0"/>
  <testcase name="Then: 33.999 - 32.998 should be 0.001" classname="TestSolution" time="0.0"/>
  <testcase name="Then: 12.001 - 0.000 should be 12.001" classname="TestSolution" time="0.0"/>
  <testcase name="Then: 10.900 - 12.800 should thrown IllegalArgumentException" classname="TestSolution" time="0.0"/>
  <testcase name="Then: 10.000 - 12.800 should thrown IllegalArgumentException" classname="TestSolution" time="0.001"/>
  <system-out><![CDATA[]]></system-out>
  <system-err><![CDATA[]]></system-err>
</testsuite>
