<?xml version="1.0" encoding="UTF-8"?>
<testsuite name="Tests" tests="3" skipped="0" failures="0" errors="0" timestamp="2023-11-26T08:57:23" hostname="MacBook-Pro-Grigorii.local" time="0.038">
  <properties/>
  <testcase name="testOneResult" classname="Tests" time="0.032"/>
  <testcase name="testFive" classname="Tests" time="0.001"/>
  <testcase name="testMutableFlow" classname="Tests" time="0.004"/>
  <system-out><![CDATA[]]></system-out>
  <system-err><![CDATA[]]></system-err>
</testsuite>
