<?xml version="1.0" encoding="UTF-8"?>
<testsuite name="Tests" tests="1" skipped="0" failures="0" errors="0" timestamp="2023-11-26T08:54:58" hostname="MacBook-Pro-Grigorii.local" time="0.031">
  <properties/>
  <testcase name="testAwaitDoneFeature" classname="Tests" time="0.031"/>
  <system-out><![CDATA[]]></system-out>
  <system-err><![CDATA[]]></system-err>
</testsuite>
