<?xml version="1.0" encoding="UTF-8"?>
<testsuite name="TestSolution" tests="7" skipped="0" failures="0" errors="0" timestamp="2023-10-02T21:36:19" hostname="MacBook-Pro-Grigorii.local" time="0.609">
  <properties/>
  <testcase name="Then: Ok" classname="TestSolution" time="0.008"/>
  <testcase name="Then: get exception" classname="TestSolution" time="0.0"/>
  <testcase name="Then: get initial amount" classname="TestSolution" time="0.002"/>
  <testcase name="Then: balance must be changed" classname="TestSolution" time="0.008"/>
  <testcase name="Then: get exception" classname="TestSolution" time="0.0"/>
  <testcase name="Then: balance must be changed" classname="TestSolution" time="0.003"/>
  <testcase name="Then: get exception" classname="TestSolution" time="0.001"/>
  <system-out><![CDATA[]]></system-out>
  <system-err><![CDATA[]]></system-err>
</testsuite>
