<?xml version="1.0" encoding="UTF-8"?>
<testsuite name="MTStressTest" tests="1" skipped="0" failures="0" errors="0" timestamp="2024-01-22T16:10:25" hostname="MacBook-Pro-Grigorii.local" time="43.183">
  <properties/>
  <testcase name="testStress" classname="MTStressTest" time="43.183"/>
  <system-out><![CDATA[Phase # 1 - done    157,202 ops (warm up)
Phase # 2 - done      1,495 ops (warm up)
Phase # 3 - done      1,073 ops (warm up)
Phase # 4 - done      8,350 ops (warm up)
Phase # 5 - done      1,052 ops (warm up)
Phase # 6 - done      2,236 ops (measure)
Phase # 7 - done      3,638 ops (measure)
Phase # 8 - done      1,040 ops (measure)
Phase # 9 - done      1,122 ops (measure)
Phase #10 - done        961 ops (measure)
Average ops per phase: 1,799 +- 1,152
]]></system-out>
  <system-err><![CDATA[]]></system-err>
</testsuite>
