<?xml version="1.0" encoding="UTF-8"?>
<testsuite name="TestSolution" tests="6" skipped="0" failures="0" errors="0" timestamp="2023-10-02T21:36:31" hostname="MacBook-Pro-Grigorii.local" time="0.032">
  <properties/>
  <testcase name="Then: ok" classname="TestSolution" time="0.012"/>
  <testcase name="Then: get exception" classname="TestSolution" time="0.0"/>
  <testcase name="Then: get correct count" classname="TestSolution" time="0.001"/>
  <testcase name="Then: get correct value" classname="TestSolution" time="0.0"/>
  <testcase name="Then: get correct new value" classname="TestSolution" time="0.0"/>
  <testcase name="Then: get exception" classname="TestSolution" time="0.0"/>
  <system-out><![CDATA[]]></system-out>
  <system-err><![CDATA[]]></system-err>
</testsuite>
