<?xml version="1.0" encoding="UTF-8"?>
<testsuite name="Tests" tests="4" skipped="0" failures="0" errors="0" timestamp="2023-11-26T09:50:57" hostname="MacBook-Pro-Grigorii.local" time="0.602">
  <properties/>
  <testcase name="testFailApi" classname="Tests" time="0.025"/>
  <testcase name="testBasic1" classname="Tests" time="0.21"/>
  <testcase name="testBasic2" classname="Tests" time="0.208"/>
  <testcase name="testFailUi" classname="Tests" time="0.154"/>
  <system-out><![CDATA[Warning: runApi was interrupted by runUI. Parent job is Cancelling
]]></system-out>
  <system-err><![CDATA[]]></system-err>
</testsuite>
