<?xml version="1.0" encoding="UTF-8"?>
<testsuite name="FAABasedQueueTest" tests="2" skipped="0" failures="0" errors="0" timestamp="2024-01-23T13:31:18" hostname="MacBook-Pro-Grigorii.local" time="13.776">
  <properties/>
  <testcase name="modelCheckingTest" classname="FAABasedQueueTest" time="4.406"/>
  <testcase name="stressTest" classname="FAABasedQueueTest" time="9.37"/>
  <system-out><![CDATA[]]></system-out>
  <system-err><![CDATA[]]></system-err>
</testsuite>
