<?xml version="1.0" encoding="UTF-8"?>
<testsuite name="TestSolution" tests="4" skipped="0" failures="0" errors="0" timestamp="2023-10-02T21:36:46" hostname="MacBook-Pro-Grigorii.local" time="0.044">
  <properties/>
  <testcase name="Then: ok" classname="TestSolution" time="0.017"/>
  <testcase name="Then: get exception" classname="TestSolution" time="0.01"/>
  <testcase name="Then: get it value" classname="TestSolution" time="0.001"/>
  <testcase name="Then: get exception" classname="TestSolution" time="0.0"/>
  <system-out><![CDATA[]]></system-out>
  <system-err><![CDATA[]]></system-err>
</testsuite>
