<?xml version="1.0" encoding="UTF-8"?>
<testsuite name="CodeTest" tests="1" skipped="0" failures="0" errors="0" timestamp="2024-01-22T14:48:09" hostname="MacBook-Pro-Grigorii.local" time="0.006">
  <properties/>
  <testcase name="testSolutionClass" classname="CodeTest" time="0.006"/>
  <system-out><![CDATA[]]></system-out>
  <system-err><![CDATA[]]></system-err>
</testsuite>
