<?xml version="1.0" encoding="UTF-8"?>
<testsuite name="StressTest" tests="1" skipped="0" failures="0" errors="0" timestamp="2024-01-22T14:48:09" hostname="MacBook-Pro-Grigorii.local" time="3.02">
  <properties/>
  <testcase name="testStress" classname="StressTest" time="3.02"/>
  <system-out><![CDATA[1: Working 349419
2: Working 720911
3: Working 1096467
]]></system-out>
  <system-err><![CDATA[]]></system-err>
</testsuite>
