<?xml version="1.0" encoding="UTF-8"?>
<testsuite name="CorrectnessTest" tests="2" skipped="0" failures="0" errors="0" timestamp="2024-01-22T14:48:09" hostname="MacBook-Pro-Grigorii.local" time="0.033">
  <properties/>
  <testcase name="testSpuriousWakeup" classname="CorrectnessTest" time="0.032"/>
  <testcase name="testFCFS" classname="CorrectnessTest" time="0.001"/>
  <system-out><![CDATA[]]></system-out>
  <system-err><![CDATA[]]></system-err>
</testsuite>
